<?xml version="1.0" encoding="UTF-8"?>
<testsuite name="com.xuxiang.smartfast_rearend.SmartfastRearEndApplicationTests" tests="1" skipped="0" failures="0" errors="0" timestamp="2023-11-10T03:19:29" hostname="Restraint-MacBook-Pro.local" time="0.063">
  <properties/>
  <testcase name="contextLoads()" classname="com.xuxiang.smartfast_rearend.SmartfastRearEndApplicationTests" time="0.063"/>
  <system-out><![CDATA[11:19:21.172 [Test worker] DEBUG org.springframework.test.context.BootstrapUtils - Instantiating CacheAwareContextLoaderDelegate from class [org.springframework.test.context.cache.DefaultCacheAwareContextLoaderDelegate]
11:19:21.181 [Test worker] DEBUG org.springframework.test.context.BootstrapUtils - Instantiating BootstrapContext using constructor [public org.springframework.test.context.support.DefaultBootstrapContext(java.lang.Class,org.springframework.test.context.CacheAwareContextLoaderDelegate)]
11:19:21.221 [Test worker] DEBUG org.springframework.test.context.BootstrapUtils - Instantiating TestContextBootstrapper for test class [com.xuxiang.smartfast_rearend.SmartfastRearEndApplicationTests] from class [org.springframework.boot.test.context.SpringBootTestContextBootstrapper]
11:19:21.231 [Test worker] INFO org.springframework.boot.test.context.SpringBootTestContextBootstrapper - Neither @ContextConfiguration nor @ContextHierarchy found for test class [com.xuxiang.smartfast_rearend.SmartfastRearEndApplicationTests], using SpringBootContextLoader
11:19:21.234 [Test worker] DEBUG org.springframework.test.context.support.AbstractContextLoader - Did not detect default resource location for test class [com.xuxiang.smartfast_rearend.SmartfastRearEndApplicationTests]: class path resource [com/xuxiang/smartfast_rearend/SmartfastRearEndApplicationTests-context.xml] does not exist
11:19:21.234 [Test worker] DEBUG org.springframework.test.context.support.AbstractContextLoader - Did not detect default resource location for test class [com.xuxiang.smartfast_rearend.SmartfastRearEndApplicationTests]: class path resource [com/xuxiang/smartfast_rearend/SmartfastRearEndApplicationTestsContext.groovy] does not exist
11:19:21.234 [Test worker] INFO org.springframework.test.context.support.AbstractContextLoader - Could not detect default resource locations for test class [com.xuxiang.smartfast_rearend.SmartfastRearEndApplicationTests]: no resource found for suffixes {-context.xml, Context.groovy}.
11:19:21.235 [Test worker] INFO org.springframework.test.context.support.AnnotationConfigContextLoaderUtils - Could not detect default configuration classes for test class [com.xuxiang.smartfast_rearend.SmartfastRearEndApplicationTests]: SmartfastRearEndApplicationTests does not declare any static, non-private, non-final, nested classes annotated with @Configuration.
11:19:21.320 [Test worker] DEBUG org.springframework.test.context.support.ActiveProfilesUtils - Could not find an 'annotation declaring class' for annotation type [org.springframework.test.context.ActiveProfiles] and class [com.xuxiang.smartfast_rearend.SmartfastRearEndApplicationTests]
11:19:21.476 [Test worker] DEBUG org.springframework.context.annotation.ClassPathScanningCandidateComponentProvider - Identified candidate component class: file [/Users/xuxiang/workplace/IdeaProjects/smartfast-java/smartfast_RearEndV3/build/classes/java/main/com/xuxiang/smartfast_rearend/SmartfastRearEndApplication.class]
11:19:21.477 [Test worker] INFO org.springframework.boot.test.context.SpringBootTestContextBootstrapper - Found @SpringBootConfiguration com.xuxiang.smartfast_rearend.SmartfastRearEndApplication for test class com.xuxiang.smartfast_rearend.SmartfastRearEndApplicationTests
11:19:21.583 [Test worker] DEBUG org.springframework.boot.test.context.SpringBootTestContextBootstrapper - @TestExecutionListeners is not present for class [com.xuxiang.smartfast_rearend.SmartfastRearEndApplicationTests]: using defaults.
11:19:21.584 [Test worker] INFO org.springframework.boot.test.context.SpringBootTestContextBootstrapper - Loaded default TestExecutionListener class names from location [META-INF/spring.factories]: [org.springframework.boot.test.autoconfigure.restdocs.RestDocsTestExecutionListener, org.springframework.boot.test.autoconfigure.web.client.MockRestServiceServerResetTestExecutionListener, org.springframework.boot.test.autoconfigure.web.servlet.MockMvcPrintOnlyOnFailureTestExecutionListener, org.springframework.boot.test.autoconfigure.web.servlet.WebDriverTestExecutionListener, org.springframework.boot.test.autoconfigure.webservices.client.MockWebServiceServerTestExecutionListener, org.springframework.boot.test.mock.mockito.MockitoTestExecutionListener, org.springframework.boot.test.mock.mockito.ResetMocksTestExecutionListener, org.springframework.test.context.web.ServletTestExecutionListener, org.springframework.test.context.support.DirtiesContextBeforeModesTestExecutionListener, org.springframework.test.context.event.ApplicationEventsTestExecutionListener, org.springframework.test.context.support.DependencyInjectionTestExecutionListener, org.springframework.test.context.support.DirtiesContextTestExecutionListener, org.springframework.test.context.transaction.TransactionalTestExecutionListener, org.springframework.test.context.jdbc.SqlScriptsTestExecutionListener, org.springframework.test.context.event.EventPublishingTestExecutionListener]
11:19:21.600 [Test worker] INFO org.springframework.boot.test.context.SpringBootTestContextBootstrapper - Using TestExecutionListeners: [org.springframework.test.context.web.ServletTestExecutionListener@336f1079, org.springframework.test.context.support.DirtiesContextBeforeModesTestExecutionListener@2f16c6b3, org.springframework.test.context.event.ApplicationEventsTestExecutionListener@34158c08, org.springframework.boot.test.mock.mockito.MockitoTestExecutionListener@19e4fcac, org.springframework.boot.test.autoconfigure.SpringBootDependencyInjectionTestExecutionListener@52c3cb31, org.springframework.test.context.support.DirtiesContextTestExecutionListener@4b79ac84, org.springframework.test.context.transaction.TransactionalTestExecutionListener@53941c2f, org.springframework.test.context.jdbc.SqlScriptsTestExecutionListener@6dab9b6d, org.springframework.test.context.event.EventPublishingTestExecutionListener@21fd5faa, org.springframework.boot.test.autoconfigure.restdocs.RestDocsTestExecutionListener@2766ca9d, org.springframework.boot.test.autoconfigure.web.client.MockRestServiceServerResetTestExecutionListener@5460cf3a, org.springframework.boot.test.autoconfigure.web.servlet.MockMvcPrintOnlyOnFailureTestExecutionListener@65a15628, org.springframework.boot.test.autoconfigure.web.servlet.WebDriverTestExecutionListener@2e6a5539, org.springframework.boot.test.autoconfigure.webservices.client.MockWebServiceServerTestExecutionListener@3fc9504b, org.springframework.boot.test.mock.mockito.ResetMocksTestExecutionListener@6d025197]
11:19:21.603 [Test worker] DEBUG org.springframework.test.context.support.AbstractDirtiesContextTestExecutionListener - Before test class: context [DefaultTestContext@12f9af83 testClass = SmartfastRearEndApplicationTests, testInstance = [null], testMethod = [null], testException = [null], mergedContextConfiguration = [WebMergedContextConfiguration@19b93fa8 testClass = SmartfastRearEndApplicationTests, locations = '{}', classes = '{class com.xuxiang.smartfast_rearend.SmartfastRearEndApplication}', contextInitializerClasses = '[]', activeProfiles = '{}', propertySourceLocations = '{}', propertySourceProperties = '{org.springframework.boot.test.context.SpringBootTestContextBootstrapper=true}', contextCustomizers = set[org.springframework.boot.test.autoconfigure.actuate.metrics.MetricsExportContextCustomizerFactory$DisableMetricExportContextCustomizer@7ae0a9ec, org.springframework.boot.test.autoconfigure.properties.PropertyMappingContextCustomizer@0, org.springframework.boot.test.autoconfigure.web.servlet.WebDriverContextCustomizerFactory$Customizer@4f32a3ad, org.springframework.boot.test.context.filter.ExcludeFilterContextCustomizer@7d900ecf, org.springframework.boot.test.json.DuplicateJsonObjectContextCustomizerFactory$DuplicateJsonObjectContextCustomizer@1a245833, org.springframework.boot.test.mock.mockito.MockitoContextCustomizer@0, org.springframework.boot.test.web.client.TestRestTemplateContextCustomizer@480d3575, org.springframework.boot.test.context.SpringBootTestArgs@1, org.springframework.boot.test.context.SpringBootTestWebEnvironment@96def03], resourceBasePath = 'src/main/webapp', contextLoader = 'org.springframework.boot.test.context.SpringBootContextLoader', parent = [null]], attributes = map['org.springframework.test.context.web.ServletTestExecutionListener.activateListener' -> true]], class annotated with @DirtiesContext [false] with mode [null].

  .   ____          _            __ _ _
 /\\ / ___'_ __ _ _(_)_ __  __ _ \ \ \ \
( ( )\___ | '_ | '_| | '_ \/ _` | \ \ \ \
 \\/  ___)| |_)| | | | | || (_| |  ) ) ) )
  '  |____| .__|_| |_|_| |_\__, | / / / /
 =========|_|==============|___/=/_/_/_/
 :: Spring Boot ::               (v2.6.13)

2023-11-10 11:19:22.141  INFO 29501 --- [    Test worker] c.x.s.SmartfastRearEndApplicationTests   : Starting SmartfastRearEndApplicationTests using Java 1.8.0_361 on Restraint-MacBook-Pro.local with PID 29501 (started by xuxiang in /Users/xuxiang/workplace/IdeaProjects/smartfast-java/smartfast_RearEndV3)
2023-11-10 11:19:22.144  INFO 29501 --- [    Test worker] c.x.s.SmartfastRearEndApplicationTests   : No active profile set, falling back to 1 default profile: "default"
2023-11-10 11:19:23.082  INFO 29501 --- [    Test worker] .s.d.r.c.RepositoryConfigurationDelegate : Bootstrapping Spring Data JPA repositories in DEFAULT mode.
2023-11-10 11:19:23.183  INFO 29501 --- [    Test worker] .s.d.r.c.RepositoryConfigurationDelegate : Finished Spring Data repository scanning in 90 ms. Found 8 JPA repository interfaces.
2023-11-10 11:19:24.171  INFO 29501 --- [    Test worker] o.hibernate.jpa.internal.util.LogHelper  : HHH000204: Processing PersistenceUnitInfo [name: default]
2023-11-10 11:19:24.300  INFO 29501 --- [    Test worker] org.hibernate.Version                    : HHH000412: Hibernate ORM core version 5.6.12.Final
2023-11-10 11:19:24.440  INFO 29501 --- [    Test worker] o.hibernate.annotations.common.Version   : HCANN000001: Hibernate Commons Annotations {5.1.2.Final}
2023-11-10 11:19:24.520  INFO 29501 --- [    Test worker] com.zaxxer.hikari.HikariDataSource       : HikariPool-1 - Starting...
2023-11-10 11:19:25.321  INFO 29501 --- [    Test worker] com.zaxxer.hikari.HikariDataSource       : HikariPool-1 - Start completed.
2023-11-10 11:19:25.346  INFO 29501 --- [    Test worker] org.hibernate.dialect.Dialect            : HHH000400: Using dialect: org.hibernate.dialect.MySQL5Dialect
2023-11-10 11:19:26.384  INFO 29501 --- [    Test worker] o.h.e.t.j.p.i.JtaPlatformInitiator       : HHH000490: Using JtaPlatform implementation: [org.hibernate.engine.transaction.jta.platform.internal.NoJtaPlatform]
2023-11-10 11:19:26.392  INFO 29501 --- [    Test worker] j.LocalContainerEntityManagerFactoryBean : Initialized JPA EntityManagerFactory for persistence unit 'default'
2023-11-10 11:19:28.287  WARN 29501 --- [    Test worker] JpaBaseConfiguration$JpaWebConfiguration : spring.jpa.open-in-view is enabled by default. Therefore, database queries may be performed during view rendering. Explicitly configure spring.jpa.open-in-view to disable this warning
2023-11-10 11:19:29.275  INFO 29501 --- [    Test worker] c.x.s.SmartfastRearEndApplicationTests   : Started SmartfastRearEndApplicationTests in 7.631 seconds (JVM running for 9.193)
]]></system-out>
  <system-err><![CDATA[]]></system-err>
</testsuite>
